<?xml version="1.0" encoding="UTF-8"?>
<testng-results ignored="0" total="1" passed="1" failed="0" skipped="0">
  <reporter-output>
    <line>
      <![CDATA[no of rows are::6]]>
    </line>
  </reporter-output>
  <suite started-at="2023-02-08T15:43:38 IST" name="Default suite" finished-at="2023-02-08T15:44:48 IST" duration-ms="70315">
    <groups>
    </groups>
    <test started-at="2023-02-08T15:43:38 IST" name="Default test" finished-at="2023-02-08T15:44:48 IST" duration-ms="70315">
      <class name="dec17.Validateregister_1">
        <test-method is-config="true" signature="setup()[pri:0, instance:dec17.Validateregister_1@1530c739]" started-at="2023-02-08T15:43:38 IST" name="setup" finished-at="2023-02-08T15:43:56 IST" duration-ms="18135" status="PASS">
          <reporter-output>
          </reporter-output>
        </test-method> <!-- setup -->
        <test-method signature="startTest()[pri:0, instance:dec17.Validateregister_1@1530c739]" started-at="2023-02-08T15:43:56 IST" name="startTest" finished-at="2023-02-08T15:44:46 IST" duration-ms="49922" status="PASS">
          <reporter-output>
            <line>
              <![CDATA[no of rows are::6]]>
            </line>
          </reporter-output>
        </test-method> <!-- startTest -->
        <test-method is-config="true" signature="teardown()[pri:0, instance:dec17.Validateregister_1@1530c739]" started-at="2023-02-08T15:44:46 IST" name="teardown" finished-at="2023-02-08T15:44:48 IST" duration-ms="2145" status="PASS">
          <reporter-output>
          </reporter-output>
        </test-method> <!-- teardown -->
      </class> <!-- dec17.Validateregister_1 -->
    </test> <!-- Default test -->
  </suite> <!-- Default suite -->
</testng-results>
