<?xml version="1.0" encoding="UTF-8"?>
<!-- Generated by org.testng.reporters.JUnitXMLReporter -->
<testsuite ignored="0" hostname="JANARDHAN-PC" failures="0" tests="6" name="Report1" time="167.966" errors="0" timestamp="2023-02-04T14:05:50 IST">
  <testcase classname="dec8.FirstTestNGClass1" name="branches" time="13.91"/>
  <testcase classname="dec8.FirstTestNGClass" name="branches" time="14.164"/>
  <testcase classname="dec8.FirstTestNGClass" name="roles" time="4.458"/>
  <testcase classname="dec8.FirstTestNGClass1" name="roles" time="4.641"/>
  <testcase classname="dec8.FirstTestNGClass1" name="users" time="1.206"/>
  <testcase classname="dec8.FirstTestNGClass" name="users" time="1.314"/>
</testsuite> <!-- Report1 -->
